#
# There is insufficient memory for the Java Runtime Environment to continue.
# Native memory allocation (malloc) failed to allocate 32744 bytes for ChunkPool::allocate
# Possible reasons:
#   The system is out of physical RAM or swap space
#   The process is running with CompressedOops enabled, and the Java Heap may be blocking the growth of the native heap
# Possible solutions:
#   Reduce memory load on the system
#   Increase physical memory or swap space
#   Check if swap backing store is full
#   Decrease Java heap size (-Xmx/-Xms)
#   Decrease number of Java threads
#   Decrease Java thread stack sizes (-Xss)
#   Set larger code cache with -XX:ReservedCodeCacheSize=
#   JVM is running with Zero Based Compressed Oops mode in which the Java heap is
#     placed in the first 32GB address space. The Java Heap base address is the
#     maximum limit for the native heap growth. Please use -XX:HeapBaseMinAddress
#     to set the Java Heap base and to place the Java Heap above 32GB virtual address.
# This output file may be truncated or incomplete.
#
#  Out of Memory Error (./src/hotspot/share/memory/arena.cpp:81), pid=18044, tid=16736
#
# JRE version: OpenJDK Runtime Environment JBR-11.0.12.7-1504.40-jcef (11.0.12+7) (build 11.0.12+7-b1504.40)
# Java VM: OpenJDK 64-Bit Server VM JBR-11.0.12.7-1504.40-jcef (11.0.12+7-b1504.40, mixed mode, tiered, compressed oops, g1 gc, windows-amd64)
# No core dump will be written. Minidumps are not enabled by default on client versions of Windows
#

---------------  S U M M A R Y ------------

Command Line: -Djava.rmi.server.hostname=127.0.0.1 -Duser.timezone=UTC -Xmx2500m -Xms128m -Dfile.encoding=UTF-8 com.intellij.database.remote.RemoteJdbcServer com.mysql.cj.jdbc.Driver

Host: 11th Gen Intel(R) Core(TM) i5-11320H @ 3.20GHz, 8 cores, 15G,  Windows 10 , 64 bit Build 22621 (10.0.22621.3527)
Time: Sun Jun 23 15:26:30 2024 中国标准时间 elapsed time: 19780.349626 seconds (0d 5h 29m 40s)

---------------  T H R E A D  ---------------

Current thread (0x0000025080a63800):  JavaThread "C2 CompilerThread0" daemon [_thread_in_native, id=16736, stack(0x000000af10300000,0x000000af10400000)]


Current CompileTask:
C2:19780349 2711   !   4       sun.rmi.server.UnicastServerRef::dispatch (490 bytes)

Stack: [0x000000af10300000,0x000000af10400000]
Native frames: (J=compiled Java code, j=interpreted, Vv=VM code, C=native code)
V  [jvm.dll+0x5ff40a]
V  [jvm.dll+0x783b65]
V  [jvm.dll+0x78517d]
V  [jvm.dll+0x785833]
V  [jvm.dll+0x249408]
V  [jvm.dll+0xc152b]
V  [jvm.dll+0xc17dc]
V  [jvm.dll+0x5de4fa]
V  [jvm.dll+0x5dc23a]
V  [jvm.dll+0x344418]
V  [jvm.dll+0x340670]
V  [jvm.dll+0x345b0d]
V  [jvm.dll+0x6182c1]
V  [jvm.dll+0x6198d9]
V  [jvm.dll+0x61d1be]
V  [jvm.dll+0x614f5a]
V  [jvm.dll+0x6145c3]
V  [jvm.dll+0x612612]
V  [jvm.dll+0x18d5bc]
V  [jvm.dll+0x2bdaaf]
V  [jvm.dll+0x61d1e5]
V  [jvm.dll+0x614f5a]
V  [jvm.dll+0x6145c3]
V  [jvm.dll+0x612612]
V  [jvm.dll+0x18d5bc]
V  [jvm.dll+0x2bdaaf]
V  [jvm.dll+0x61d1e5]
V  [jvm.dll+0x614f5a]
V  [jvm.dll+0x6145c3]
V  [jvm.dll+0x612612]
V  [jvm.dll+0x18d5bc]
V  [jvm.dll+0x2bdaaf]
V  [jvm.dll+0x61d1e5]
V  [jvm.dll+0x614f5a]
V  [jvm.dll+0x6145c3]
V  [jvm.dll+0x612612]
V  [jvm.dll+0x18d5bc]
V  [jvm.dll+0x2bdaaf]
V  [jvm.dll+0x61d1e5]
V  [jvm.dll+0x614f5a]
V  [jvm.dll+0x6145c3]
V  [jvm.dll+0x612612]
V  [jvm.dll+0x18d5bc]
V  [jvm.dll+0x2bdaaf]
V  [jvm.dll+0x61d1e5]
V  [jvm.dll+0x614f5a]
V  [jvm.dll+0x6145c3]
V  [jvm.dll+0x612612]
V  [jvm.dll+0x18d5bc]
V  [jvm.dll+0x2bdaaf]
V  [jvm.dll+0x61d1e5]
V  [jvm.dll+0x614f5a]
V  [jvm.dll+0x6145c3]
V  [jvm.dll+0x612612]
V  [jvm.dll+0x18d5bc]
V  [jvm.dll+0x2bdaaf]
V  [jvm.dll+0x61d1e5]
V  [jvm.dll+0x614f5a]
V  [jvm.dll+0x6145c3]
V  [jvm.dll+0x612612]
V  [jvm.dll+0x18d5bc]
V  [jvm.dll+0x2bdaaf]
V  [jvm.dll+0x61d1e5]
V  [jvm.dll+0x614f5a]
V  [jvm.dll+0x6145c3]
V  [jvm.dll+0x612612]
V  [jvm.dll+0x18d5bc]
V  [jvm.dll+0x200e45]
V  [jvm.dll+0x18ae6c]
V  [jvm.dll+0x20fb97]
V  [jvm.dll+0x20e3c1]
V  [jvm.dll+0x74b88f]
V  [jvm.dll+0x744355]
V  [jvm.dll+0x5fe316]
C  [ucrtbase.dll+0x29333]
C  [KERNEL32.DLL+0x1257d]
C  [ntdll.dll+0x5aa48]


---------------  P R O C E S S  ---------------

Threads class SMR info:
_java_thread_list=0x0000025084e59c00, length=18, elements={
0x00000250e292f800, 0x00000250801f6000, 0x00000250801fc800, 0x0000025080a5d000,
0x0000025080a61000, 0x0000025080a62000, 0x0000025080a63800, 0x0000025080a64800,
0x0000025080a68000, 0x0000025080bee000, 0x0000025080c13000, 0x0000025084ad1000,
0x0000025084ab6000, 0x0000025084aae800, 0x0000025084ab1000, 0x00000250858c7800,
0x0000025085ec8800, 0x00000250858af000
}

Java Threads: ( => current thread )
  0x00000250e292f800 JavaThread "main" [_thread_blocked, id=23488, stack(0x000000af0f700000,0x000000af0f800000)]
  0x00000250801f6000 JavaThread "Reference Handler" daemon [_thread_blocked, id=10992, stack(0x000000af0fe00000,0x000000af0ff00000)]
  0x00000250801fc800 JavaThread "Finalizer" daemon [_thread_blocked, id=5456, stack(0x000000af0ff00000,0x000000af10000000)]
  0x0000025080a5d000 JavaThread "Signal Dispatcher" daemon [_thread_blocked, id=13124, stack(0x000000af10000000,0x000000af10100000)]
  0x0000025080a61000 JavaThread "Attach Listener" daemon [_thread_blocked, id=18584, stack(0x000000af10100000,0x000000af10200000)]
  0x0000025080a62000 JavaThread "Service Thread" daemon [_thread_blocked, id=28084, stack(0x000000af10200000,0x000000af10300000)]
=>0x0000025080a63800 JavaThread "C2 CompilerThread0" daemon [_thread_in_native, id=16736, stack(0x000000af10300000,0x000000af10400000)]
  0x0000025080a64800 JavaThread "C1 CompilerThread0" daemon [_thread_blocked, id=22596, stack(0x000000af10400000,0x000000af10500000)]
  0x0000025080a68000 JavaThread "Sweeper thread" daemon [_thread_blocked, id=4708, stack(0x000000af10500000,0x000000af10600000)]
  0x0000025080bee000 JavaThread "Common-Cleaner" daemon [_thread_blocked, id=3760, stack(0x000000af10700000,0x000000af10800000)]
  0x0000025080c13000 JavaThread "mysql-cj-abandoned-connection-cleanup" daemon [_thread_blocked, id=13900, stack(0x000000af10800000,0x000000af10900000)]
  0x0000025084ad1000 JavaThread "RMI TCP Accept-43763" daemon [_thread_in_native, id=21156, stack(0x000000af10900000,0x000000af10a00000)]
  0x0000025084ab6000 JavaThread "RMI TCP Accept-0" daemon [_thread_in_native, id=30104, stack(0x000000af10a00000,0x000000af10b00000)]
  0x0000025084aae800 JavaThread "RMI Reaper" [_thread_blocked, id=26096, stack(0x000000af10b00000,0x000000af10c00000)]
  0x0000025084ab1000 JavaThread "RMI GC Daemon" daemon [_thread_blocked, id=504, stack(0x000000af10c00000,0x000000af10d00000)]
  0x00000250858c7800 JavaThread "RMI TCP Connection(1)-127.0.0.1" daemon [_thread_in_native, id=24364, stack(0x000000af10f00000,0x000000af11000000)]
  0x0000025085ec8800 JavaThread "RMI Scheduler(0)" daemon [_thread_blocked, id=17612, stack(0x000000af11000000,0x000000af11100000)]
  0x00000250858af000 JavaThread "RMI TCP Connection(3)-127.0.0.1" daemon [_thread_in_native, id=13708, stack(0x000000af12200000,0x000000af12300000)]

Other Threads:
  0x0000025080a02800 VMThread "VM Thread" [stack: 0x000000af0fd00000,0x000000af0fe00000] [id=17412]
  0x0000025080bdc800 WatcherThread [stack: 0x000000af10600000,0x000000af10700000] [id=29516]
  0x00000250e294a000 GCTaskThread "GC Thread#0" [stack: 0x000000af0f800000,0x000000af0f900000] [id=16828]
  0x0000025085fc2800 GCTaskThread "GC Thread#1" [stack: 0x000000af11200000,0x000000af11300000] [id=17844]
  0x000002508507b800 GCTaskThread "GC Thread#2" [stack: 0x000000af11300000,0x000000af11400000] [id=15788]
  0x0000025084eb0000 GCTaskThread "GC Thread#3" [stack: 0x000000af11400000,0x000000af11500000] [id=14404]
  0x00000250e2983800 ConcurrentGCThread "G1 Main Marker" [stack: 0x000000af0f900000,0x000000af0fa00000] [id=21040]
  0x00000250e2985000 ConcurrentGCThread "G1 Conc#0" [stack: 0x000000af0fa00000,0x000000af0fb00000] [id=22928]
  0x0000025084f39800 ConcurrentGCThread "G1 Conc#1" [stack: 0x000000af10e00000,0x000000af10f00000] [id=26196]
  0x00000250e29fe800 ConcurrentGCThread "G1 Refine#0" [stack: 0x000000af0fb00000,0x000000af0fc00000] [id=720]
  0x000002508002c800 ConcurrentGCThread "G1 Young RemSet Sampling" [stack: 0x000000af0fc00000,0x000000af0fd00000] [id=17616]

Threads with active compile tasks:
C2 CompilerThread019780409 2711   !   4       sun.rmi.server.UnicastServerRef::dispatch (490 bytes)

VM state:not at safepoint (normal execution)

VM Mutex/Monitor currently owned by a thread: None

Heap address: 0x0000000763c00000, size: 2500 MB, Compressed Oops mode: Zero based, Oop shift amount: 3
Narrow klass base: 0x0000000800000000, Narrow klass shift: 0
Compressed class space size: 1073741824 Address: 0x0000000800000000

Heap:
 garbage-first heap   total 131072K, used 9709K [0x0000000763c00000, 0x0000000800000000)
  region size 1024K, 4 young (4096K), 0 survivors (0K)
 Metaspace       used 21634K, capacity 22028K, committed 23040K, reserved 1069056K
  class space    used 2185K, capacity 2316K, committed 2560K, reserved 1048576K
Heap Regions: E=young(eden), S=young(survivor), O=old, HS=humongous(starts), HC=humongous(continues), CS=collection set, F=free, A=archive, TAMS=top-at-mark-start (previous, next)
|   0|0x0000000763c00000, 0x0000000763d00000, 0x0000000763d00000|100%|HS|  |TAMS 0x0000000763c00000, 0x0000000763c00000| Untracked 
|   1|0x0000000763d00000, 0x0000000763dfe540, 0x0000000763e00000| 99%| O|  |TAMS 0x0000000763d00000, 0x0000000763d00000| Untracked 
|   2|0x0000000763e00000, 0x0000000763effff0, 0x0000000763f00000| 99%| O|  |TAMS 0x0000000763e00000, 0x0000000763e00000| Untracked 
|   3|0x0000000763f00000, 0x0000000763ffafa8, 0x0000000764000000| 98%| O|  |TAMS 0x0000000763f00000, 0x0000000763f00000| Untracked 
|   4|0x0000000764000000, 0x0000000764100000, 0x0000000764100000|100%| O|  |TAMS 0x0000000764000000, 0x0000000764000000| Untracked 
|   5|0x0000000764100000, 0x00000007641f7190, 0x0000000764200000| 96%| O|  |TAMS 0x0000000764100000, 0x0000000764100000| Untracked 
|   6|0x0000000764200000, 0x000000076426e870, 0x0000000764300000| 43%| O|  |TAMS 0x0000000764200000, 0x0000000764200000| Untracked 
|   7|0x0000000764300000, 0x000000076431c620, 0x0000000764400000| 11%| O|  |TAMS 0x0000000764300000, 0x0000000764300000| Untracked 
|   8|0x0000000764400000, 0x0000000764400000, 0x0000000764500000|  0%| F|  |TAMS 0x0000000764400000, 0x0000000764400000| Untracked 
|   9|0x0000000764500000, 0x0000000764500000, 0x0000000764600000|  0%| F|  |TAMS 0x0000000764500000, 0x0000000764500000| Untracked 
|  10|0x0000000764600000, 0x0000000764600000, 0x0000000764700000|  0%| F|  |TAMS 0x0000000764600000, 0x0000000764600000| Untracked 
|  11|0x0000000764700000, 0x0000000764700000, 0x0000000764800000|  0%| F|  |TAMS 0x0000000764700000, 0x0000000764700000| Untracked 
|  12|0x0000000764800000, 0x0000000764800000, 0x0000000764900000|  0%| F|  |TAMS 0x0000000764800000, 0x0000000764800000| Untracked 
|  13|0x0000000764900000, 0x0000000764900000, 0x0000000764a00000|  0%| F|  |TAMS 0x0000000764900000, 0x0000000764900000| Untracked 
|  14|0x0000000764a00000, 0x0000000764a00000, 0x0000000764b00000|  0%| F|  |TAMS 0x0000000764a00000, 0x0000000764a00000| Untracked 
|  15|0x0000000764b00000, 0x0000000764b00000, 0x0000000764c00000|  0%| F|  |TAMS 0x0000000764b00000, 0x0000000764b00000| Untracked 
|  16|0x0000000764c00000, 0x0000000764c00000, 0x0000000764d00000|  0%| F|  |TAMS 0x0000000764c00000, 0x0000000764c00000| Untracked 
|  17|0x0000000764d00000, 0x0000000764d00000, 0x0000000764e00000|  0%| F|  |TAMS 0x0000000764d00000, 0x0000000764d00000| Untracked 
|  18|0x0000000764e00000, 0x0000000764e00000, 0x0000000764f00000|  0%| F|  |TAMS 0x0000000764e00000, 0x0000000764e00000| Untracked 
|  19|0x0000000764f00000, 0x0000000764f00000, 0x0000000765000000|  0%| F|  |TAMS 0x0000000764f00000, 0x0000000764f00000| Untracked 
|  20|0x0000000765000000, 0x0000000765000000, 0x0000000765100000|  0%| F|  |TAMS 0x0000000765000000, 0x0000000765000000| Untracked 
|  21|0x0000000765100000, 0x0000000765100000, 0x0000000765200000|  0%| F|  |TAMS 0x0000000765100000, 0x0000000765100000| Untracked 
|  22|0x0000000765200000, 0x0000000765200000, 0x0000000765300000|  0%| F|  |TAMS 0x0000000765200000, 0x0000000765200000| Untracked 
|  23|0x0000000765300000, 0x0000000765300000, 0x0000000765400000|  0%| F|  |TAMS 0x0000000765300000, 0x0000000765300000| Untracked 
|  24|0x0000000765400000, 0x0000000765400000, 0x0000000765500000|  0%| F|  |TAMS 0x0000000765400000, 0x0000000765400000| Untracked 
|  25|0x0000000765500000, 0x0000000765500000, 0x0000000765600000|  0%| F|  |TAMS 0x0000000765500000, 0x0000000765500000| Untracked 
|  26|0x0000000765600000, 0x0000000765600000, 0x0000000765700000|  0%| F|  |TAMS 0x0000000765600000, 0x0000000765600000| Untracked 
|  27|0x0000000765700000, 0x0000000765700000, 0x0000000765800000|  0%| F|  |TAMS 0x0000000765700000, 0x0000000765700000| Untracked 
|  28|0x0000000765800000, 0x0000000765800000, 0x0000000765900000|  0%| F|  |TAMS 0x0000000765800000, 0x0000000765800000| Untracked 
|  29|0x0000000765900000, 0x0000000765900000, 0x0000000765a00000|  0%| F|  |TAMS 0x0000000765900000, 0x0000000765900000| Untracked 
|  30|0x0000000765a00000, 0x0000000765a00000, 0x0000000765b00000|  0%| F|  |TAMS 0x0000000765a00000, 0x0000000765a00000| Untracked 
|  31|0x0000000765b00000, 0x0000000765b00000, 0x0000000765c00000|  0%| F|  |TAMS 0x0000000765b00000, 0x0000000765b00000| Untracked 
|  32|0x0000000765c00000, 0x0000000765c00000, 0x0000000765d00000|  0%| F|  |TAMS 0x0000000765c00000, 0x0000000765c00000| Untracked 
|  33|0x0000000765d00000, 0x0000000765d00000, 0x0000000765e00000|  0%| F|  |TAMS 0x0000000765d00000, 0x0000000765d00000| Untracked 
|  34|0x0000000765e00000, 0x0000000765e00000, 0x0000000765f00000|  0%| F|  |TAMS 0x0000000765e00000, 0x0000000765e00000| Untracked 
|  35|0x0000000765f00000, 0x0000000765f00000, 0x0000000766000000|  0%| F|  |TAMS 0x0000000765f00000, 0x0000000765f00000| Untracked 
|  36|0x0000000766000000, 0x0000000766000000, 0x0000000766100000|  0%| F|  |TAMS 0x0000000766000000, 0x0000000766000000| Untracked 
|  37|0x0000000766100000, 0x0000000766100000, 0x0000000766200000|  0%| F|  |TAMS 0x0000000766100000, 0x0000000766100000| Untracked 
|  38|0x0000000766200000, 0x0000000766200000, 0x0000000766300000|  0%| F|  |TAMS 0x0000000766200000, 0x0000000766200000| Untracked 
|  39|0x0000000766300000, 0x0000000766300000, 0x0000000766400000|  0%| F|  |TAMS 0x0000000766300000, 0x0000000766300000| Untracked 
|  40|0x0000000766400000, 0x0000000766400000, 0x0000000766500000|  0%| F|  |TAMS 0x0000000766400000, 0x0000000766400000| Untracked 
|  41|0x0000000766500000, 0x0000000766500000, 0x0000000766600000|  0%| F|  |TAMS 0x0000000766500000, 0x0000000766500000| Untracked 
|  42|0x0000000766600000, 0x0000000766600000, 0x0000000766700000|  0%| F|  |TAMS 0x0000000766600000, 0x0000000766600000| Untracked 
|  43|0x0000000766700000, 0x0000000766700000, 0x0000000766800000|  0%| F|  |TAMS 0x0000000766700000, 0x0000000766700000| Untracked 
|  44|0x0000000766800000, 0x0000000766800000, 0x0000000766900000|  0%| F|  |TAMS 0x0000000766800000, 0x0000000766800000| Untracked 
|  45|0x0000000766900000, 0x0000000766900000, 0x0000000766a00000|  0%| F|  |TAMS 0x0000000766900000, 0x0000000766900000| Untracked 
|  46|0x0000000766a00000, 0x0000000766a00000, 0x0000000766b00000|  0%| F|  |TAMS 0x0000000766a00000, 0x0000000766a00000| Untracked 
|  47|0x0000000766b00000, 0x0000000766b00000, 0x0000000766c00000|  0%| F|  |TAMS 0x0000000766b00000, 0x0000000766b00000| Untracked 
|  48|0x0000000766c00000, 0x0000000766c00000, 0x0000000766d00000|  0%| F|  |TAMS 0x0000000766c00000, 0x0000000766c00000| Untracked 
|  49|0x0000000766d00000, 0x0000000766d00000, 0x0000000766e00000|  0%| F|  |TAMS 0x0000000766d00000, 0x0000000766d00000| Untracked 
|  50|0x0000000766e00000, 0x0000000766e00000, 0x0000000766f00000|  0%| F|  |TAMS 0x0000000766e00000, 0x0000000766e00000| Untracked 
|  51|0x0000000766f00000, 0x0000000766f00000, 0x0000000767000000|  0%| F|  |TAMS 0x0000000766f00000, 0x0000000766f00000| Untracked 
|  52|0x0000000767000000, 0x0000000767000000, 0x0000000767100000|  0%| F|  |TAMS 0x0000000767000000, 0x0000000767000000| Untracked 
|  53|0x0000000767100000, 0x0000000767100000, 0x0000000767200000|  0%| F|  |TAMS 0x0000000767100000, 0x0000000767100000| Untracked 
|  54|0x0000000767200000, 0x0000000767200000, 0x0000000767300000|  0%| F|  |TAMS 0x0000000767200000, 0x0000000767200000| Untracked 
|  55|0x0000000767300000, 0x0000000767300000, 0x0000000767400000|  0%| F|  |TAMS 0x0000000767300000, 0x0000000767300000| Untracked 
|  56|0x0000000767400000, 0x0000000767400000, 0x0000000767500000|  0%| F|  |TAMS 0x0000000767400000, 0x0000000767400000| Untracked 
|  57|0x0000000767500000, 0x0000000767500000, 0x0000000767600000|  0%| F|  |TAMS 0x0000000767500000, 0x0000000767500000| Untracked 
|  58|0x0000000767600000, 0x0000000767600000, 0x0000000767700000|  0%| F|  |TAMS 0x0000000767600000, 0x0000000767600000| Untracked 
|  59|0x0000000767700000, 0x0000000767700000, 0x0000000767800000|  0%| F|  |TAMS 0x0000000767700000, 0x0000000767700000| Untracked 
|  60|0x0000000767800000, 0x0000000767800000, 0x0000000767900000|  0%| F|  |TAMS 0x0000000767800000, 0x0000000767800000| Untracked 
|  61|0x0000000767900000, 0x0000000767900000, 0x0000000767a00000|  0%| F|  |TAMS 0x0000000767900000, 0x0000000767900000| Untracked 
|  62|0x0000000767a00000, 0x0000000767a00000, 0x0000000767b00000|  0%| F|  |TAMS 0x0000000767a00000, 0x0000000767a00000| Untracked 
|  63|0x0000000767b00000, 0x0000000767b00000, 0x0000000767c00000|  0%| F|  |TAMS 0x0000000767b00000, 0x0000000767b00000| Untracked 
|  64|0x0000000767c00000, 0x0000000767c00000, 0x0000000767d00000|  0%| F|  |TAMS 0x0000000767c00000, 0x0000000767c00000| Untracked 
|  65|0x0000000767d00000, 0x0000000767d00000, 0x0000000767e00000|  0%| F|  |TAMS 0x0000000767d00000, 0x0000000767d00000| Untracked 
|  66|0x0000000767e00000, 0x0000000767e00000, 0x0000000767f00000|  0%| F|  |TAMS 0x0000000767e00000, 0x0000000767e00000| Untracked 
|  67|0x0000000767f00000, 0x0000000767f00000, 0x0000000768000000|  0%| F|  |TAMS 0x0000000767f00000, 0x0000000767f00000| Untracked 
|  68|0x0000000768000000, 0x0000000768000000, 0x0000000768100000|  0%| F|  |TAMS 0x0000000768000000, 0x0000000768000000| Untracked 
|  69|0x0000000768100000, 0x0000000768100000, 0x0000000768200000|  0%| F|  |TAMS 0x0000000768100000, 0x0000000768100000| Untracked 
|  70|0x0000000768200000, 0x0000000768200000, 0x0000000768300000|  0%| F|  |TAMS 0x0000000768200000, 0x0000000768200000| Untracked 
|  71|0x0000000768300000, 0x0000000768300000, 0x0000000768400000|  0%| F|  |TAMS 0x0000000768300000, 0x0000000768300000| Untracked 
|  72|0x0000000768400000, 0x0000000768400000, 0x0000000768500000|  0%| F|  |TAMS 0x0000000768400000, 0x0000000768400000| Untracked 
|  73|0x0000000768500000, 0x0000000768500000, 0x0000000768600000|  0%| F|  |TAMS 0x0000000768500000, 0x0000000768500000| Untracked 
|  74|0x0000000768600000, 0x0000000768600000, 0x0000000768700000|  0%| F|  |TAMS 0x0000000768600000, 0x0000000768600000| Untracked 
|  75|0x0000000768700000, 0x0000000768700000, 0x0000000768800000|  0%| F|  |TAMS 0x0000000768700000, 0x0000000768700000| Untracked 
|  76|0x0000000768800000, 0x0000000768800000, 0x0000000768900000|  0%| F|  |TAMS 0x0000000768800000, 0x0000000768800000| Untracked 
|  77|0x0000000768900000, 0x0000000768900000, 0x0000000768a00000|  0%| F|  |TAMS 0x0000000768900000, 0x0000000768900000| Untracked 
|  78|0x0000000768a00000, 0x0000000768a00000, 0x0000000768b00000|  0%| F|  |TAMS 0x0000000768a00000, 0x0000000768a00000| Untracked 
|  79|0x0000000768b00000, 0x0000000768b00000, 0x0000000768c00000|  0%| F|  |TAMS 0x0000000768b00000, 0x0000000768b00000| Untracked 
|  80|0x0000000768c00000, 0x0000000768c00000, 0x0000000768d00000|  0%| F|  |TAMS 0x0000000768c00000, 0x0000000768c00000| Untracked 
|  81|0x0000000768d00000, 0x0000000768d00000, 0x0000000768e00000|  0%| F|  |TAMS 0x0000000768d00000, 0x0000000768d00000| Untracked 
|  82|0x0000000768e00000, 0x0000000768e00000, 0x0000000768f00000|  0%| F|  |TAMS 0x0000000768e00000, 0x0000000768e00000| Untracked 
|  83|0x0000000768f00000, 0x0000000768f00000, 0x0000000769000000|  0%| F|  |TAMS 0x0000000768f00000, 0x0000000768f00000| Untracked 
|  84|0x0000000769000000, 0x0000000769000000, 0x0000000769100000|  0%| F|  |TAMS 0x0000000769000000, 0x0000000769000000| Untracked 
|  85|0x0000000769100000, 0x0000000769100000, 0x0000000769200000|  0%| F|  |TAMS 0x0000000769100000, 0x0000000769100000| Untracked 
|  86|0x0000000769200000, 0x0000000769200000, 0x0000000769300000|  0%| F|  |TAMS 0x0000000769200000, 0x0000000769200000| Untracked 
|  87|0x0000000769300000, 0x0000000769300000, 0x0000000769400000|  0%| F|  |TAMS 0x0000000769300000, 0x0000000769300000| Untracked 
|  88|0x0000000769400000, 0x0000000769400000, 0x0000000769500000|  0%| F|  |TAMS 0x0000000769400000, 0x0000000769400000| Untracked 
|  89|0x0000000769500000, 0x0000000769500000, 0x0000000769600000|  0%| F|  |TAMS 0x0000000769500000, 0x0000000769500000| Untracked 
|  90|0x0000000769600000, 0x0000000769600000, 0x0000000769700000|  0%| F|  |TAMS 0x0000000769600000, 0x0000000769600000| Untracked 
|  91|0x0000000769700000, 0x0000000769700000, 0x0000000769800000|  0%| F|  |TAMS 0x0000000769700000, 0x0000000769700000| Untracked 
|  92|0x0000000769800000, 0x0000000769800000, 0x0000000769900000|  0%| F|  |TAMS 0x0000000769800000, 0x0000000769800000| Untracked 
|  93|0x0000000769900000, 0x0000000769900000, 0x0000000769a00000|  0%| F|  |TAMS 0x0000000769900000, 0x0000000769900000| Untracked 
|  94|0x0000000769a00000, 0x0000000769a00000, 0x0000000769b00000|  0%| F|  |TAMS 0x0000000769a00000, 0x0000000769a00000| Untracked 
|  95|0x0000000769b00000, 0x0000000769b00000, 0x0000000769c00000|  0%| F|  |TAMS 0x0000000769b00000, 0x0000000769b00000| Untracked 
|  96|0x0000000769c00000, 0x0000000769c00000, 0x0000000769d00000|  0%| F|  |TAMS 0x0000000769c00000, 0x0000000769c00000| Untracked 
|  97|0x0000000769d00000, 0x0000000769d00000, 0x0000000769e00000|  0%| F|  |TAMS 0x0000000769d00000, 0x0000000769d00000| Untracked 
|  98|0x0000000769e00000, 0x0000000769e00000, 0x0000000769f00000|  0%| F|  |TAMS 0x0000000769e00000, 0x0000000769e00000| Untracked 
|  99|0x0000000769f00000, 0x0000000769f00000, 0x000000076a000000|  0%| F|  |TAMS 0x0000000769f00000, 0x0000000769f00000| Untracked 
| 100|0x000000076a000000, 0x000000076a000000, 0x000000076a100000|  0%| F|  |TAMS 0x000000076a000000, 0x000000076a000000| Untracked 
| 101|0x000000076a100000, 0x000000076a100000, 0x000000076a200000|  0%| F|  |TAMS 0x000000076a100000, 0x000000076a100000| Untracked 
| 102|0x000000076a200000, 0x000000076a200000, 0x000000076a300000|  0%| F|  |TAMS 0x000000076a200000, 0x000000076a200000| Untracked 
| 103|0x000000076a300000, 0x000000076a300000, 0x000000076a400000|  0%| F|  |TAMS 0x000000076a300000, 0x000000076a300000| Untracked 
| 104|0x000000076a400000, 0x000000076a400000, 0x000000076a500000|  0%| F|  |TAMS 0x000000076a400000, 0x000000076a400000| Untracked 
| 105|0x000000076a500000, 0x000000076a500000, 0x000000076a600000|  0%| F|  |TAMS 0x000000076a500000, 0x000000076a500000| Untracked 
| 106|0x000000076a600000, 0x000000076a600000, 0x000000076a700000|  0%| F|  |TAMS 0x000000076a600000, 0x000000076a600000| Untracked 
| 107|0x000000076a700000, 0x000000076a700000, 0x000000076a800000|  0%| F|  |TAMS 0x000000076a700000, 0x000000076a700000| Untracked 
| 108|0x000000076a800000, 0x000000076a800000, 0x000000076a900000|  0%| F|  |TAMS 0x000000076a800000, 0x000000076a800000| Untracked 
| 109|0x000000076a900000, 0x000000076a900000, 0x000000076aa00000|  0%| F|  |TAMS 0x000000076a900000, 0x000000076a900000| Untracked 
| 110|0x000000076aa00000, 0x000000076aa00000, 0x000000076ab00000|  0%| F|  |TAMS 0x000000076aa00000, 0x000000076aa00000| Untracked 
| 111|0x000000076ab00000, 0x000000076ab00000, 0x000000076ac00000|  0%| F|  |TAMS 0x000000076ab00000, 0x000000076ab00000| Untracked 
| 112|0x000000076ac00000, 0x000000076ac00000, 0x000000076ad00000|  0%| F|  |TAMS 0x000000076ac00000, 0x000000076ac00000| Untracked 
| 113|0x000000076ad00000, 0x000000076ad00000, 0x000000076ae00000|  0%| F|  |TAMS 0x000000076ad00000, 0x000000076ad00000| Untracked 
| 114|0x000000076ae00000, 0x000000076ae00000, 0x000000076af00000|  0%| F|  |TAMS 0x000000076ae00000, 0x000000076ae00000| Untracked 
| 115|0x000000076af00000, 0x000000076af00000, 0x000000076b000000|  0%| F|  |TAMS 0x000000076af00000, 0x000000076af00000| Untracked 
| 116|0x000000076b000000, 0x000000076b000000, 0x000000076b100000|  0%| F|  |TAMS 0x000000076b000000, 0x000000076b000000| Untracked 
| 117|0x000000076b100000, 0x000000076b100000, 0x000000076b200000|  0%| F|  |TAMS 0x000000076b100000, 0x000000076b100000| Untracked 
| 118|0x000000076b200000, 0x000000076b200000, 0x000000076b300000|  0%| F|  |TAMS 0x000000076b200000, 0x000000076b200000| Untracked 
| 119|0x000000076b300000, 0x000000076b300000, 0x000000076b400000|  0%| F|  |TAMS 0x000000076b300000, 0x000000076b300000| Untracked 
| 120|0x000000076b400000, 0x000000076b400000, 0x000000076b500000|  0%| F|  |TAMS 0x000000076b400000, 0x000000076b400000| Untracked 
| 121|0x000000076b500000, 0x000000076b500000, 0x000000076b600000|  0%| F|  |TAMS 0x000000076b500000, 0x000000076b500000| Untracked 
| 122|0x000000076b600000, 0x000000076b600000, 0x000000076b700000|  0%| F|  |TAMS 0x000000076b600000, 0x000000076b600000| Untracked 
| 123|0x000000076b700000, 0x000000076b700000, 0x000000076b800000|  0%| F|  |TAMS 0x000000076b700000, 0x000000076b700000| Untracked 
| 124|0x000000076b800000, 0x000000076b8db9f0, 0x000000076b900000| 85%| E|  |TAMS 0x000000076b800000, 0x000000076b800000| Complete 
| 125|0x000000076b900000, 0x000000076ba00000, 0x000000076ba00000|100%| E|CS|TAMS 0x000000076b900000, 0x000000076b900000| Complete 
| 126|0x000000076ba00000, 0x000000076bb00000, 0x000000076bb00000|100%| E|CS|TAMS 0x000000076ba00000, 0x000000076ba00000| Complete 
| 127|0x000000076bb00000, 0x000000076bc00000, 0x000000076bc00000|100%| E|CS|TAMS 0x000000076bb00000, 0x000000076bb00000| Complete 

Card table byte_map: [0x00000250f7ce0000,0x00000250f81d0000] _byte_map_base: 0x00000250f41c2000

Marking Bits (Prev, Next): (CMBitMap*) 0x00000250e29792c0, (CMBitMap*) 0x00000250e2979288
 Prev Bits: [0x00000250fadd0000, 0x00000250fd4e0000)
 Next Bits: [0x00000250f86c0000, 0x00000250fadd0000)

Polling page: 0x00000250e27e0000

Metaspace:

Usage:
  Non-class:     19.25 MB capacity,    18.99 MB ( 99%) used,   223.64 KB (  1%) free+waste,    39.69 KB ( <1%) overhead. 
      Class:      2.26 MB capacity,     2.13 MB ( 94%) used,   113.17 KB (  5%) free+waste,    17.38 KB ( <1%) overhead. 
       Both:     21.51 MB capacity,    21.13 MB ( 98%) used,   336.81 KB (  2%) free+waste,    57.06 KB ( <1%) overhead. 

Virtual space:
  Non-class space:       20.00 MB reserved,      20.00 MB (100%) committed 
      Class space:        1.00 GB reserved,       2.50 MB ( <1%) committed 
             Both:        1.02 GB reserved,      22.50 MB (  2%) committed 

Chunk freelists:
   Non-Class:  576.00 KB
       Class:  244.00 KB
        Both:  820.00 KB

MaxMetaspaceSize: 17179869184.00 GB
CompressedClassSpaceSize: 1.00 GB
Initial GC threshold: 20.80 MB
Current GC threshold: 37.50 MB
CDS: off

CodeHeap 'non-profiled nmethods': size=120000Kb used=1500Kb max_used=1500Kb free=118500Kb
 bounds [0x00000250ef840000, 0x00000250efab0000, 0x00000250f6d70000]
CodeHeap 'profiled nmethods': size=120000Kb used=5786Kb max_used=5786Kb free=114214Kb
 bounds [0x00000250e8310000, 0x00000250e88c0000, 0x00000250ef840000]
CodeHeap 'non-nmethods': size=5760Kb used=1254Kb max_used=1327Kb free=4505Kb
 bounds [0x00000250e7d70000, 0x00000250e7fe0000, 0x00000250e8310000]
 total_blobs=3231 nmethods=2710 adapters=433
 compilation: enabled
              stopped_count=0, restarted_count=0
 full_count=0

Compilation events (20 events):
Event: 13466.922 Thread 0x0000025080a64800 nmethod 2701 0x00000250e88b5790 code [0x00000250e88b5980, 0x00000250e88b5da8]
Event: 14352.332 Thread 0x0000025080a63800 2702       4       sun.rmi.transport.tcp.TCPConnection::releaseOutputStream (15 bytes)
Event: 14352.333 Thread 0x0000025080a63800 nmethod 2702 0x00000250ef9ac210 code [0x00000250ef9ac3c0, 0x00000250ef9ac488]
Event: 14766.410 Thread 0x0000025080a63800 2703       4       java.io.ObjectInputStream$HandleTable::lookupException (29 bytes)
Event: 14766.410 Thread 0x0000025080a63800 nmethod 2703 0x00000250ef9ac590 code [0x00000250ef9ac720, 0x00000250ef9ac7d8]
Event: 14805.357 Thread 0x0000025080a63800 2704       4       java.util.concurrent.TimeUnit::toNanos (45 bytes)
Event: 14805.358 Thread 0x0000025080a63800 nmethod 2704 0x00000250ef9ac890 code [0x00000250ef9aca20, 0x00000250ef9acaf8]
Event: 15120.421 Thread 0x0000025080a64800 2705       3       java.io.ObjectOutputStream$HandleTable::growEntries (58 bytes)
Event: 15120.422 Thread 0x0000025080a64800 nmethod 2705 0x00000250e88b6010 code [0x00000250e88b6200, 0x00000250e88b66b8]
Event: 16548.574 Thread 0x0000025080a63800 2706       4       java.util.Arrays::hashCode (56 bytes)
Event: 16548.577 Thread 0x0000025080a63800 nmethod 2706 0x00000250ef9acb90 code [0x00000250ef9acd20, 0x00000250ef9ace78]
Event: 18610.105 Thread 0x0000025080a63800 2707   !   4       java.rmi.server.UID::<init> (164 bytes)
Event: 18610.107 Thread 0x0000025080a63800 nmethod 2707 0x00000250ef9acf90 code [0x00000250ef9ad140, 0x00000250ef9ad3f8]
Event: 19231.216 Thread 0x0000025080a63800 2708       4       sun.rmi.transport.StreamRemoteCall::<init> (35 bytes)
Event: 19231.218 Thread 0x0000025080a63800 nmethod 2708 0x00000250ef9ad510 code [0x00000250ef9ad6a0, 0x00000250ef9ad958]
Event: 19231.218 Thread 0x0000025080a63800 2709       4       sun.rmi.transport.StreamRemoteCall::getResultStream (86 bytes)
Event: 19231.263 Thread 0x0000025080a63800 nmethod 2709 0x00000250ef9ada10 code [0x00000250ef9add20, 0x00000250ef9b02a0]
Event: 19465.258 Thread 0x0000025080a63800 2710   !   4       java.io.ObjectOutputStream::writeSerialData (221 bytes)
Event: 19465.327 Thread 0x0000025080a63800 nmethod 2710 0x00000250ef9b1610 code [0x00000250ef9b1980, 0x00000250ef9b5108]
Event: 19780.325 Thread 0x0000025080a63800 2711   !   4       sun.rmi.server.UnicastServerRef::dispatch (490 bytes)

GC Heap History (14 events):
Event: 4.276 GC heap before
{Heap before GC invocations=0 (full 0):
 garbage-first heap   total 131072K, used 24576K [0x0000000763c00000, 0x0000000800000000)
  region size 1024K, 24 young (24576K), 0 survivors (0K)
 Metaspace       used 15385K, capacity 15943K, committed 16000K, reserved 1062912K
  class space    used 1628K, capacity 1868K, committed 1920K, reserved 1048576K
}
Event: 4.284 GC heap after
{Heap after GC invocations=1 (full 0):
 garbage-first heap   total 131072K, used 6044K [0x0000000763c00000, 0x0000000800000000)
  region size 1024K, 3 young (3072K), 3 survivors (3072K)
 Metaspace       used 15385K, capacity 15943K, committed 16000K, reserved 1062912K
  class space    used 1628K, capacity 1868K, committed 1920K, reserved 1048576K
}
Event: 5.127 GC heap before
{Heap before GC invocations=1 (full 0):
 garbage-first heap   total 131072K, used 18332K [0x0000000763c00000, 0x0000000800000000)
  region size 1024K, 16 young (16384K), 3 survivors (3072K)
 Metaspace       used 20561K, capacity 21091K, committed 21248K, reserved 1069056K
  class space    used 2200K, capacity 2449K, committed 2560K, reserved 1048576K
}
Event: 5.134 GC heap after
{Heap after GC invocations=2 (full 0):
 garbage-first heap   total 131072K, used 7514K [0x0000000763c00000, 0x0000000800000000)
  region size 1024K, 2 young (2048K), 2 survivors (2048K)
 Metaspace       used 20561K, capacity 21091K, committed 21248K, reserved 1069056K
  class space    used 2200K, capacity 2449K, committed 2560K, reserved 1048576K
}
Event: 3136.297 GC heap before
{Heap before GC invocations=3 (full 0):
 garbage-first heap   total 131072K, used 49498K [0x0000000763c00000, 0x0000000800000000)
  region size 1024K, 43 young (44032K), 2 survivors (2048K)
 Metaspace       used 22143K, capacity 22829K, committed 23040K, reserved 1069056K
  class space    used 2312K, capacity 2560K, committed 2560K, reserved 1048576K
}
Event: 3136.305 GC heap after
{Heap after GC invocations=4 (full 0):
 garbage-first heap   total 131072K, used 7888K [0x0000000763c00000, 0x0000000800000000)
  region size 1024K, 2 young (2048K), 2 survivors (2048K)
 Metaspace       used 22143K, capacity 22829K, committed 23040K, reserved 1069056K
  class space    used 2312K, capacity 2560K, committed 2560K, reserved 1048576K
}
Event: 6736.308 GC heap before
{Heap before GC invocations=4 (full 0):
 garbage-first heap   total 131072K, used 14032K [0x0000000763c00000, 0x0000000800000000)
  region size 1024K, 9 young (9216K), 2 survivors (2048K)
 Metaspace       used 22145K, capacity 22829K, committed 23040K, reserved 1069056K
  class space    used 2312K, capacity 2560K, committed 2560K, reserved 1048576K
}
Event: 6736.381 GC heap after
{Heap after GC invocations=5 (full 1):
 garbage-first heap   total 131072K, used 6687K [0x0000000763c00000, 0x0000000800000000)
  region size 1024K, 0 young (0K), 0 survivors (0K)
 Metaspace       used 21628K, capacity 22028K, committed 23040K, reserved 1069056K
  class space    used 2185K, capacity 2316K, committed 2560K, reserved 1048576K
}
Event: 10336.382 GC heap before
{Heap before GC invocations=5 (full 1):
 garbage-first heap   total 131072K, used 11807K [0x0000000763c00000, 0x0000000800000000)
  region size 1024K, 6 young (6144K), 0 survivors (0K)
 Metaspace       used 21629K, capacity 22028K, committed 23040K, reserved 1069056K
  class space    used 2185K, capacity 2316K, committed 2560K, reserved 1048576K
}
Event: 10336.389 GC heap after
{Heap after GC invocations=6 (full 2):
 garbage-first heap   total 131072K, used 6672K [0x0000000763c00000, 0x0000000800000000)
  region size 1024K, 0 young (0K), 0 survivors (0K)
 Metaspace       used 21629K, capacity 22028K, committed 23040K, reserved 1069056K
  class space    used 2185K, capacity 2316K, committed 2560K, reserved 1048576K
}
Event: 13936.390 GC heap before
{Heap before GC invocations=6 (full 2):
 garbage-first heap   total 131072K, used 11792K [0x0000000763c00000, 0x0000000800000000)
  region size 1024K, 6 young (6144K), 0 survivors (0K)
 Metaspace       used 21634K, capacity 22028K, committed 23040K, reserved 1069056K
  class space    used 2185K, capacity 2316K, committed 2560K, reserved 1048576K
}
Event: 13936.399 GC heap after
{Heap after GC invocations=7 (full 3):
 garbage-first heap   total 131072K, used 6637K [0x0000000763c00000, 0x0000000800000000)
  region size 1024K, 0 young (0K), 0 survivors (0K)
 Metaspace       used 21634K, capacity 22028K, committed 23040K, reserved 1069056K
  class space    used 2185K, capacity 2316K, committed 2560K, reserved 1048576K
}
Event: 17536.400 GC heap before
{Heap before GC invocations=7 (full 3):
 garbage-first heap   total 131072K, used 11757K [0x0000000763c00000, 0x0000000800000000)
  region size 1024K, 6 young (6144K), 0 survivors (0K)
 Metaspace       used 21634K, capacity 22028K, committed 23040K, reserved 1069056K
  class space    used 2185K, capacity 2316K, committed 2560K, reserved 1048576K
}
Event: 17536.424 GC heap after
{Heap after GC invocations=8 (full 4):
 garbage-first heap   total 131072K, used 6637K [0x0000000763c00000, 0x0000000800000000)
  region size 1024K, 0 young (0K), 0 survivors (0K)
 Metaspace       used 21634K, capacity 22028K, committed 23040K, reserved 1069056K
  class space    used 2185K, capacity 2316K, committed 2560K, reserved 1048576K
}

Deoptimization events (20 events):
Event: 6.207 Thread 0x0000025084ec7800 Uncommon trap: trap_request=0xffffff4d fr.pc=0x00000250ef9288b8 relative=0x0000000000000978
Event: 6.207 Thread 0x0000025084ec7800 Uncommon trap: reason=unstable_if action=reinterpret pc=0x00000250ef9288b8 method=java.io.ObjectInputStream$BlockDataInputStream.readUTFSpan(Ljava/lang/StringBuilder;J)J @ 35 c2
Event: 6.207 Thread 0x0000025084ec7800 DEOPT PACKING pc=0x00000250ef9288b8 sp=0x000000af111fb130
Event: 6.207 Thread 0x0000025084ec7800 DEOPT UNPACKING pc=0x00000250e7d785af sp=0x000000af111fb0d0 mode 2
Event: 6.227 Thread 0x0000025084ec7800 Uncommon trap: trap_request=0xffffff4d fr.pc=0x00000250ef92eb7c relative=0x00000000000001bc
Event: 6.227 Thread 0x0000025084ec7800 Uncommon trap: reason=unstable_if action=reinterpret pc=0x00000250ef92eb7c method=com.mysql.cj.protocol.a.NativePacketPayload.readInteger(Lcom/mysql/cj/protocol/a/NativeConstants$IntegerDataType;)J @ 582 c2
Event: 6.227 Thread 0x0000025084ec7800 DEOPT PACKING pc=0x00000250ef92eb7c sp=0x000000af111fb1e0
Event: 6.228 Thread 0x0000025084ec7800 DEOPT UNPACKING pc=0x00000250e7d785af sp=0x000000af111fb170 mode 2
Event: 6.376 Thread 0x0000025080c13000 Uncommon trap: trap_request=0xffffff4d fr.pc=0x00000250ef8ba700 relative=0x0000000000000aa0
Event: 6.376 Thread 0x0000025080c13000 Uncommon trap: reason=unstable_if action=reinterpret pc=0x00000250ef8ba700 method=java.util.zip.ZipFile$Source.getEntryPos([BZ)I @ 145 c2
Event: 6.376 Thread 0x0000025080c13000 DEOPT PACKING pc=0x00000250ef8ba700 sp=0x000000af108fee50
Event: 6.376 Thread 0x0000025080c13000 DEOPT UNPACKING pc=0x00000250e7d785af sp=0x000000af108fedf8 mode 2
Event: 6.395 Thread 0x0000025084ec7800 DEOPT PACKING pc=0x00000250e8808c50 sp=0x000000af111fb130
Event: 6.395 Thread 0x0000025084ec7800 DEOPT UNPACKING pc=0x00000250e7db9d0e sp=0x000000af111fa5b8 mode 0
Event: 6.463 Thread 0x0000025084ec7800 DEOPT PACKING pc=0x00000250e872f95c sp=0x000000af111fa230
Event: 6.463 Thread 0x0000025084ec7800 DEOPT UNPACKING pc=0x00000250e7db9d0e sp=0x000000af111f9740 mode 0
Event: 6.473 Thread 0x0000025084ec7800 DEOPT PACKING pc=0x00000250e875d58b sp=0x000000af111fadc0
Event: 6.473 Thread 0x0000025084ec7800 DEOPT UNPACKING pc=0x00000250e7db9d0e sp=0x000000af111fa218 mode 0
Event: 336.747 Thread 0x00000250858c7800 DEOPT PACKING pc=0x00000250e871e31e sp=0x000000af10ffb050
Event: 336.747 Thread 0x00000250858c7800 DEOPT UNPACKING pc=0x00000250e7db9d0e sp=0x000000af10ffa468 mode 0

Classes redefined (0 events):
No events

Internal exceptions (20 events):
Event: 3.110 Thread 0x00000250e292f800 Exception <a 'java/lang/NoSuchMethodError'{0x000000076b00e7f0}: 'java.lang.Object java.lang.invoke.DelegatingMethodHandle$Holder.reinvoke_L(java.lang.Object, java.lang.Object, long)'> (0x000000076b00e7f0) thrown at [./src/hotspot/share/interpreter/linkResolver.cpp, line 773]
Event: 3.111 Thread 0x00000250e292f800 Exception <a 'java/lang/NoSuchMethodError'{0x000000076b0119e0}: 'java.lang.Object java.lang.invoke.Invokers$Holder.linkToTargetMethod(java.lang.Object, long, java.lang.Object)'> (0x000000076b0119e0) thrown at [./src/hotspot/share/interpreter/linkResolver.cpp, line 773]
Event: 3.145 Thread 0x00000250858c7800 Exception <a 'java/lang/NoSuchMethodError'{0x000000076af48f20}: 'java.lang.Object java.lang.invoke.DelegatingMethodHandle$Holder.reinvoke_L(java.lang.Object, int, java.lang.Object)'> (0x000000076af48f20) thrown at [./src/hotspot/share/interpreter/linkResolver.cpp, line 773]
Event: 3.235 Thread 0x0000025084ec7800 Exception <a 'java/lang/NoSuchMethodError'{0x000000076ae27638}: <clinit>> (0x000000076ae27638) thrown at [./src/hotspot/share/prims/jni.cpp, line 1365]
Event: 3.717 Thread 0x0000025084ec7800 Exception <a 'java/lang/NoSuchMethodError'{0x000000076ac42148}: 'int java.lang.invoke.DirectMethodHandle$Holder.invokeSpecialIFC(java.lang.Object, java.lang.Object, int)'> (0x000000076ac42148) thrown at [./src/hotspot/share/interpreter/linkResolver.cpp, line 773]
Event: 3.788 Thread 0x0000025084ec7800 Exception <a 'java/lang/NoSuchMethodError'{0x000000076ab4d540}: 'java.lang.Object java.lang.invoke.DirectMethodHandle$Holder.invokeVirtual(java.lang.Object, java.lang.Object, java.lang.Object)'> (0x000000076ab4d540) thrown at [./src/hotspot/share/interpreter/linkResolver.cpp, line 773]
Event: 4.073 Thread 0x0000025084ec7800 Exception <a 'java/lang/NoSuchMethodError'{0x000000076a7c0340}: 'void java.lang.invoke.DirectMethodHandle$Holder.invokeStaticInit(java.lang.Object, java.lang.Object)'> (0x000000076a7c0340) thrown at [./src/hotspot/share/interpreter/linkResolver.cpp, line 773]
Event: 4.292 Thread 0x0000025084ec7800 Exception <a 'sun/nio/fs/WindowsException'{0x000000076bb39280}> (0x000000076bb39280) thrown at [./src/hotspot/share/prims/jni.cpp, line 615]
Event: 4.336 Thread 0x0000025084ec7800 Exception <a 'java/lang/NoSuchMethodError'{0x000000076bb58df8}: 'int java.lang.invoke.DirectMethodHandle$Holder.invokeStaticInit(java.lang.Object, java.lang.Object, java.lang.Object, java.lang.Object)'> (0x000000076bb58df8) thrown at [./src/hotspot/share/interpreter/linkResolver.cpp, line 773]
Event: 4.337 Thread 0x0000025084ec7800 Exception <a 'java/lang/IncompatibleClassChangeError'{0x000000076bb62028}: Found class java.lang.Object, but interface was expected> (0x000000076bb62028) thrown at [./src/hotspot/share/interpreter/linkResolver.cpp, line 839]
Event: 4.338 Thread 0x0000025084ec7800 Exception <a 'java/lang/NoSuchMethodError'{0x000000076bb68ea8}: 'int java.lang.invoke.DirectMethodHandle$Holder.invokeStaticInit(java.lang.Object, java.lang.Object)'> (0x000000076bb68ea8) thrown at [./src/hotspot/share/interpreter/linkResolver.cpp, line 773]
Event: 5.231 Thread 0x0000025084ec7800 Implicit null exception at 0x00000250ef87a0f7 to 0x00000250ef87a760
Event: 5.231 Thread 0x0000025084ec7800 Implicit null exception at 0x00000250ef87b674 to 0x00000250ef87bccc
Event: 5.453 Thread 0x0000025084ec7800 Exception <a 'java/lang/NoSuchMethodError'{0x000000076b865f30}: <clinit>> (0x000000076b865f30) thrown at [./src/hotspot/share/prims/jni.cpp, line 1365]
Event: 5.454 Thread 0x0000025084ec7800 Exception <a 'java/lang/NoSuchMethodError'{0x000000076b8729b8}: <clinit>> (0x000000076b8729b8) thrown at [./src/hotspot/share/prims/jni.cpp, line 1365]
Event: 5.563 Thread 0x0000025084ec7800 Exception <a 'java/lang/NoSuchMethodError'{0x000000076b78b4f8}: <clinit>> (0x000000076b78b4f8) thrown at [./src/hotspot/share/prims/jni.cpp, line 1365]
Event: 5.564 Thread 0x0000025084ec7800 Exception <a 'java/lang/NoSuchMethodError'{0x000000076b796628}: <clinit>> (0x000000076b796628) thrown at [./src/hotspot/share/prims/jni.cpp, line 1365]
Event: 5.565 Thread 0x0000025084ec7800 Exception <a 'java/lang/NoSuchMethodError'{0x000000076b7a1430}: <clinit>> (0x000000076b7a1430) thrown at [./src/hotspot/share/prims/jni.cpp, line 1365]
Event: 5.618 Thread 0x0000025084ec7800 Exception <a 'java/lang/NoSuchMethodError'{0x000000076b60b7a8}: <clinit>> (0x000000076b60b7a8) thrown at [./src/hotspot/share/prims/jni.cpp, line 1365]
Event: 5.818 Thread 0x0000025084ec7800 Exception <a 'java/lang/NoSuchMethodError'{0x000000076b58a898}: <clinit>> (0x000000076b58a898) thrown at [./src/hotspot/share/prims/jni.cpp, line 1365]

Events (20 events):
Event: 33.240 loading class sun/net/ResourceManager
Event: 33.240 loading class sun/net/ResourceManager done
Event: 93.158 Loaded shared library D:\工具\idea\IntelliJ IDEA 2021.2.3\jbr\bin\java.dll
Event: 93.242 loading class java/util/IdentityHashMap$KeyIterator
Event: 93.243 loading class java/util/IdentityHashMap$IdentityHashMapIterator
Event: 93.244 loading class java/util/IdentityHashMap$IdentityHashMapIterator done
Event: 93.244 loading class java/util/IdentityHashMap$KeyIterator done
Event: 93.244 Thread 0x0000025084ec7800 Thread exited: 0x0000025084ec7800
Event: 3136.297 Executing VM operation: G1CollectForAllocation
Event: 3136.305 Executing VM operation: G1CollectForAllocation done
Event: 3136.306 Executing VM operation: RevokeBias
Event: 3136.306 Executing VM operation: RevokeBias done
Event: 6736.307 Executing VM operation: G1CollectFull
Event: 6736.381 Executing VM operation: G1CollectFull done
Event: 10336.381 Executing VM operation: G1CollectFull
Event: 10336.389 Executing VM operation: G1CollectFull done
Event: 13936.390 Executing VM operation: G1CollectFull
Event: 13936.399 Executing VM operation: G1CollectFull done
Event: 17536.399 Executing VM operation: G1CollectFull
Event: 17536.424 Executing VM operation: G1CollectFull done


Dynamic libraries:
0x00007ff76fe90000 - 0x00007ff76fe9a000 	D:\工具\idea\IntelliJ IDEA 2021.2.3\jbr\bin\java.exe
0x00007ffb83310000 - 0x00007ffb83527000 	C:\WINDOWS\SYSTEM32\ntdll.dll
0x00007ffb81cc0000 - 0x00007ffb81d84000 	C:\WINDOWS\System32\KERNEL32.DLL
0x00007ffb808e0000 - 0x00007ffb80c87000 	C:\WINDOWS\System32\KERNELBASE.dll
0x00007ffb80c90000 - 0x00007ffb80da1000 	C:\WINDOWS\System32\ucrtbase.dll
0x00007ffb77d10000 - 0x00007ffb77d29000 	D:\工具\idea\IntelliJ IDEA 2021.2.3\jbr\bin\jli.dll
0x00007ffb83040000 - 0x00007ffb831ee000 	C:\WINDOWS\System32\USER32.dll
0x00007ffb80db0000 - 0x00007ffb80dd6000 	C:\WINDOWS\System32\win32u.dll
0x00007ffb81b90000 - 0x00007ffb81bb9000 	C:\WINDOWS\System32\GDI32.dll
0x00007ffb80de0000 - 0x00007ffb80ef9000 	C:\WINDOWS\System32\gdi32full.dll
0x00007ffb80840000 - 0x00007ffb808da000 	C:\WINDOWS\System32\msvcp_win.dll
0x00007ffb6f0a0000 - 0x00007ffb6f333000 	C:\WINDOWS\WinSxS\amd64_microsoft.windows.common-controls_6595b64144ccf1df_6.0.22621.3527_none_270e469b73872a76\COMCTL32.dll
0x00007ffb82a70000 - 0x00007ffb82b17000 	C:\WINDOWS\System32\msvcrt.dll
0x00007ffb77cf0000 - 0x00007ffb77d07000 	D:\工具\idea\IntelliJ IDEA 2021.2.3\jbr\bin\VCRUNTIME140.dll
0x00007ffb82a30000 - 0x00007ffb82a61000 	C:\WINDOWS\System32\IMM32.DLL
0x00007ffb45920000 - 0x00007ffb459bd000 	D:\工具\idea\IntelliJ IDEA 2021.2.3\jbr\bin\msvcp140.dll
0x00007ffaddf30000 - 0x00007ffadea88000 	D:\工具\idea\IntelliJ IDEA 2021.2.3\jbr\bin\server\jvm.dll
0x00007ffb82920000 - 0x00007ffb829d2000 	C:\WINDOWS\System32\ADVAPI32.dll
0x00007ffb82290000 - 0x00007ffb82338000 	C:\WINDOWS\System32\sechost.dll
0x00007ffb80810000 - 0x00007ffb80838000 	C:\WINDOWS\System32\bcrypt.dll
0x00007ffb827a0000 - 0x00007ffb828b5000 	C:\WINDOWS\System32\RPCRT4.dll
0x00007ffb82b20000 - 0x00007ffb82b28000 	C:\WINDOWS\System32\PSAPI.DLL
0x00007ffb76f70000 - 0x00007ffb76f79000 	C:\WINDOWS\SYSTEM32\WSOCK32.dll
0x00007ffb81960000 - 0x00007ffb819d1000 	C:\WINDOWS\System32\WS2_32.dll
0x00007ffb79360000 - 0x00007ffb79394000 	C:\WINDOWS\SYSTEM32\WINMM.dll
0x00007ffb783e0000 - 0x00007ffb783ea000 	C:\WINDOWS\SYSTEM32\VERSION.dll
0x00007ffb7f610000 - 0x00007ffb7f628000 	C:\WINDOWS\SYSTEM32\kernel.appcore.dll
0x00007ffb76f50000 - 0x00007ffb76f61000 	D:\工具\idea\IntelliJ IDEA 2021.2.3\jbr\bin\verify.dll
0x00007ffb7dc80000 - 0x00007ffb7deb2000 	C:\WINDOWS\SYSTEM32\DBGHELP.DLL
0x00007ffb82cb0000 - 0x00007ffb83038000 	C:\WINDOWS\System32\combase.dll
0x00007ffb831f0000 - 0x00007ffb832c7000 	C:\WINDOWS\System32\OLEAUT32.dll
0x00007ffb774d0000 - 0x00007ffb77502000 	C:\WINDOWS\SYSTEM32\dbgcore.DLL
0x00007ffb80fc0000 - 0x00007ffb81039000 	C:\WINDOWS\System32\bcryptPrimitives.dll
0x00007ffb76de0000 - 0x00007ffb76e09000 	D:\工具\idea\IntelliJ IDEA 2021.2.3\jbr\bin\java.dll
0x00007ffb76f40000 - 0x00007ffb76f4b000 	D:\工具\idea\IntelliJ IDEA 2021.2.3\jbr\bin\jimage.dll
0x00007ffb76dc0000 - 0x00007ffb76dd8000 	D:\工具\idea\IntelliJ IDEA 2021.2.3\jbr\bin\zip.dll
0x00007ffb81100000 - 0x00007ffb8195c000 	C:\WINDOWS\System32\SHELL32.dll
0x00007ffb7e520000 - 0x00007ffb7ee16000 	C:\WINDOWS\SYSTEM32\windows.storage.dll
0x00007ffb7e3e0000 - 0x00007ffb7e51e000 	C:\WINDOWS\SYSTEM32\wintypes.dll
0x00007ffb82340000 - 0x00007ffb82435000 	C:\WINDOWS\System32\SHCORE.dll
0x00007ffb828c0000 - 0x00007ffb8291e000 	C:\WINDOWS\System32\shlwapi.dll
0x00007ffb80560000 - 0x00007ffb80581000 	C:\WINDOWS\SYSTEM32\profapi.dll
0x00007ffb3c610000 - 0x00007ffb3c62a000 	D:\工具\idea\IntelliJ IDEA 2021.2.3\jbr\bin\net.dll
0x00007ffb798d0000 - 0x00007ffb79a06000 	C:\WINDOWS\SYSTEM32\WINHTTP.dll
0x00007ffb7fa70000 - 0x00007ffb7fad9000 	C:\WINDOWS\system32\mswsock.dll
0x00007ffb3c5f0000 - 0x00007ffb3c604000 	D:\工具\idea\IntelliJ IDEA 2021.2.3\jbr\bin\nio.dll
0x00007ffb7fd10000 - 0x00007ffb7fd2b000 	C:\WINDOWS\SYSTEM32\CRYPTSP.dll
0x00007ffb7f570000 - 0x00007ffb7f5a5000 	C:\WINDOWS\system32\rsaenh.dll
0x00007ffb7fb10000 - 0x00007ffb7fb38000 	C:\WINDOWS\SYSTEM32\USERENV.dll
0x00007ffb7fc70000 - 0x00007ffb7fc7c000 	C:\WINDOWS\SYSTEM32\CRYPTBASE.dll
0x00007ffb7f080000 - 0x00007ffb7f0ad000 	C:\WINDOWS\SYSTEM32\IPHLPAPI.DLL
0x00007ffb825d0000 - 0x00007ffb825d9000 	C:\WINDOWS\System32\NSI.dll
0x00007ffb79590000 - 0x00007ffb795a9000 	C:\WINDOWS\SYSTEM32\dhcpcsvc6.DLL
0x00007ffb795b0000 - 0x00007ffb795cf000 	C:\WINDOWS\SYSTEM32\dhcpcsvc.DLL
0x00007ffb7f0f0000 - 0x00007ffb7f1e8000 	C:\WINDOWS\SYSTEM32\DNSAPI.dll
0x00007ffb76030000 - 0x00007ffb76038000 	D:\工具\idea\IntelliJ IDEA 2021.2.3\jbr\bin\rmi.dll
0x00007ffb77bd0000 - 0x00007ffb77bda000 	C:\Windows\System32\rasadhlp.dll
0x00007ffb78930000 - 0x00007ffb789b3000 	C:\WINDOWS\System32\fwpuclnt.dll
0x00007ffb1ee60000 - 0x00007ffb1ee88000 	D:\工具\idea\IntelliJ IDEA 2021.2.3\jbr\bin\sunec.dll

dbghelp: loaded successfully - version: 4.0.5 - missing functions: none
symbol engine: initialized successfully - sym options: 0x614 - pdb path: .;D:\工具\idea\IntelliJ IDEA 2021.2.3\jbr\bin;C:\WINDOWS\SYSTEM32;C:\WINDOWS\WinSxS\amd64_microsoft.windows.common-controls_6595b64144ccf1df_6.0.22621.3527_none_270e469b73872a76;D:\工具\idea\IntelliJ IDEA 2021.2.3\jbr\bin\se;D:\工具\idea\IntelliJ IDEA 2021.2.3\jbr\bin\;D:\工具\idea\IntelliJ IDEA 2021.2.3\jbr\bi;D:\工具\idea\IntelliJ IDEA 2021.2.3\jbr\;D:\工具\idea\IntelliJ IDEA 2021.2.3\jb;D:\工具\idea\IntelliJ IDEA 2021.2.3\;D:\工具\idea\IntelliJ IDEA 2021.2.;D:\工具\idea\IntelliJ IDEA 2021.

VM Arguments:
jvm_args: -Djava.rmi.server.hostname=127.0.0.1 -Duser.timezone=UTC -Xmx2500m -Xms128m -Dfile.encoding=UTF-8 
java_command: com.intellij.database.remote.RemoteJdbcServer com.mysql.cj.jdbc.Driver
java_class_path (initial): D:\工具\idea\IntelliJ IDEA 2021.2.3\lib\util.jar;D:\工具\idea\IntelliJ IDEA 2021.2.3\lib\groovy-2.5.14.jar;D:\工具\idea\IntelliJ IDEA 2021.2.3\plugins\DatabaseTools\lib\jdbc-console.jar;C:\Users\17602\AppData\Roaming\JetBrains\IntelliJIdea2021.2\jdbc-drivers\MySQL ConnectorJ\8.0.25\mysql\mysql-connector-java\8.0.25\mysql-connector-java-8.0.25.jar;C:\Users\17602\AppData\Roaming\JetBrains\IntelliJIdea2021.2\jdbc-drivers\MySQL ConnectorJ\8.0.25\com\google\protobuf\protobuf-java\3.11.4\protobuf-java-3.11.4.jar
Launcher Type: SUN_STANDARD

[Global flags]
     intx CICompilerCount                          = 4                                         {product} {ergonomic}
     uint ConcGCThreads                            = 2                                         {product} {ergonomic}
     uint G1ConcRefinementThreads                  = 8                                         {product} {ergonomic}
   size_t G1HeapRegionSize                         = 1048576                                   {product} {ergonomic}
    uintx GCDrainStackTargetSize                   = 64                                        {product} {ergonomic}
   size_t InitialHeapSize                          = 134217728                                 {product} {command line}
   size_t MarkStackSize                            = 4194304                                   {product} {ergonomic}
   size_t MaxHeapSize                              = 2621440000                                {product} {command line}
   size_t MaxNewSize                               = 1572864000                                {product} {ergonomic}
   size_t MinHeapDeltaBytes                        = 1048576                                   {product} {ergonomic}
    uintx NonNMethodCodeHeapSize                   = 5836300                                {pd product} {ergonomic}
    uintx NonProfiledCodeHeapSize                  = 122910970                              {pd product} {ergonomic}
    uintx ProfiledCodeHeapSize                     = 122910970                              {pd product} {ergonomic}
    uintx ReservedCodeCacheSize                    = 251658240                              {pd product} {ergonomic}
     bool SegmentedCodeCache                       = true                                      {product} {ergonomic}
     bool UseCompressedClassPointers               = true                                 {lp64_product} {ergonomic}
     bool UseCompressedOops                        = true                                 {lp64_product} {ergonomic}
     bool UseG1GC                                  = true                                      {product} {ergonomic}
     bool UseLargePagesIndividualAllocation        = false                                  {pd product} {ergonomic}

Logging:
Log output configuration:
 #0: stdout all=warning uptime,level,tags
 #1: stderr all=off uptime,level,tags

Environment Variables:
JAVA_HOME=D:\environment\jdk
CLASSPATH=.;D:\environment\jdk\lib;D:\environment\jdk\lib\tools.jar
PATH=D:\工具\虚拟机\bin\;C:\Program Files (x86)\Common Files\Intel\Shared Libraries\redist\intel64\compiler;D:\environment\jdk\bin;D:\environment\maven\apache-maven-3.6.2\bin;D:\工具\git\Git\cmd;C:\windows\system32\;D:\工具\微信开发者工具\微信web开发者工具\dll;D:\environment\tomcat\apache-tomcat-8.5.87;D:\environment\python;D:\environment\openssl\OpenSSL-Win64\bin;C:\Program Files\Docker\Docker\resources\bin;;C:\WINDOWS\system32;C:\WINDOWS;C:\WINDOWS\System32\Wbem;C:\WINDOWS\System32\WindowsPowerShell\v1.0\;C:\WINDOWS\System32\OpenSSH\;C:\Program Files\dotnet\;D:\environment\node\;C:\Users\17602\AppData\Local\Microsoft\WindowsApps;C:\Users\17602\AppData\Local\GitHubDesktop\bin;D:\工具\vs code\Microsoft VS Code\bin;C:\Users\17602\AppData\Roaming\npm
USERNAME=17602
OS=Windows_NT
PROCESSOR_IDENTIFIER=Intel64 Family 6 Model 140 Stepping 2, GenuineIntel



---------------  S Y S T E M  ---------------

OS: Windows 10 , 64 bit Build 22621 (10.0.22621.3527)
OS uptime: 2 days 18:59 hours
Hyper-V role detected

CPU:total 8 (initial active 8) (4 cores per cpu, 2 threads per core) family 6 model 140 stepping 2 microcode 0x22, cmov, cx8, fxsr, mmx, sse, sse2, sse3, ssse3, sse4.1, sse4.2, popcnt, avx, avx2, aes, clmul, erms, 3dnowpref, lzcnt, ht, tsc, tscinvbit, bmi1, bmi2, adx, evex, sha, fma

Memory: 4k page, system-wide physical 16167M (1806M free)
TotalPageFile size 34917M (AvailPageFile size 9M)
current process WorkingSet (physical memory assigned to process): 29M, peak: 129M
current process commit charge ("private bytes"): 238M, peak: 278M

vm_info: OpenJDK 64-Bit Server VM (11.0.12+7-b1504.40) for windows-amd64 JRE (11.0.12+7-b1504.40), built on Sep 23 2021 14:38:03 by "" with MS VC++ 14.0 (VS2015)

END.
